<?xml version="1.0" encoding="UTF-8"?>
<!-- Generated by org.testng.reporters.JUnitReportReporter -->
<testsuite hostname="PE-LPALQ002032" failures="0" tests="1" name="PruebaMovil.TestLogin" time="64.717" errors="0" timestamp="2021-09-07T14:29:04 PET" skipped="0">
  <testcase classname="PruebaMovil.TestLogin" name="basicTest" time="64.717"/>
  <system-out/>
</testsuite> <!-- PruebaMovil.TestLogin -->
