<?xml version="1.0" encoding="UTF-8"?>
<!-- Generated by org.testng.reporters.JUnitReportReporter -->
<testsuite hostname="PE-LPALQ002032" failures="0" tests="1" name="PruebaMovil.TestWeb" time="11.509" errors="0" timestamp="2021-09-07T15:30:07 PET" skipped="0">
  <testcase classname="PruebaMovil.TestWeb" name="test" time="11.509"/>
  <system-out/>
</testsuite> <!-- PruebaMovil.TestWeb -->
